2023-07-10 19:13:29,730 [INFO] Activator:176 - 


2023-07-10 19:13:29,735 [INFO] Activator:177 - !SESSION log4j initialized
2023-07-10 19:13:37,740 [INFO] LogOutputStream:77 - [STDOUT_REDIRECT] 
2023-07-10 19:14:34,839 [ERROR] LogOutputStream:75 - [STDERR_REDIRECT] SLF4J: Failed to load class "org.slf4j.impl.StaticLoggerBinder".
2023-07-10 19:14:34,840 [ERROR] LogOutputStream:75 - [STDERR_REDIRECT] SLF4J: Defaulting to no-operation (NOP) logger implementation
2023-07-10 19:14:34,844 [ERROR] LogOutputStream:75 - [STDERR_REDIRECT] SLF4J: See http://www.slf4j.org/codes.html#StaticLoggerBinder for further details.
2023-07-10 19:18:01,740 [ERROR] ConfigurationRetriever:142 - IOException on connection: Read timed out
2023-07-10 19:26:31,844 [ERROR] ConfigurationRetriever:142 - IOException on connection: connect timed out
2023-07-10 19:26:33,854 [ERROR] ConfigurationRetriever:142 - IOException on connection: connect timed out
2023-07-10 23:07:29,796 [ERROR] ConfigurationRetriever:142 - IOException on connection: Read timed out
2023-07-10 23:07:31,803 [ERROR] ConfigurationRetriever:142 - IOException on connection: connect timed out
2023-07-10 23:07:35,604 [ERROR] ConfigurationRetriever:142 - IOException on connection: Read timed out
2023-07-12 00:32:11,349 [INFO] Activator:176 - 


2023-07-12 00:32:11,355 [INFO] Activator:177 - !SESSION log4j initialized
2023-07-12 00:32:24,616 [INFO] LogOutputStream:77 - [STDOUT_REDIRECT] 
2023-07-12 00:33:21,535 [ERROR] LogOutputStream:75 - [STDERR_REDIRECT] SLF4J: Failed to load class "org.slf4j.impl.StaticLoggerBinder".
2023-07-12 00:33:21,540 [ERROR] LogOutputStream:75 - [STDERR_REDIRECT] SLF4J: Defaulting to no-operation (NOP) logger implementation
2023-07-12 00:33:21,548 [ERROR] LogOutputStream:75 - [STDERR_REDIRECT] SLF4J: See http://www.slf4j.org/codes.html#StaticLoggerBinder for further details.
2023-07-12 13:37:32,245 [INFO] Activator:176 - 


2023-07-12 13:37:32,249 [INFO] Activator:177 - !SESSION log4j initialized
2023-07-12 13:37:52,204 [INFO] LogOutputStream:77 - [STDOUT_REDIRECT] 
2023-07-12 13:38:29,375 [ERROR] LogOutputStream:75 - [STDERR_REDIRECT] SLF4J: Failed to load class "org.slf4j.impl.StaticLoggerBinder".
2023-07-12 13:38:29,378 [ERROR] LogOutputStream:75 - [STDERR_REDIRECT] SLF4J: Defaulting to no-operation (NOP) logger implementation
2023-07-12 13:38:29,398 [ERROR] LogOutputStream:75 - [STDERR_REDIRECT] SLF4J: See http://www.slf4j.org/codes.html#StaticLoggerBinder for further details.
2023-07-12 19:07:25,350 [ERROR] LogOutputStream:75 - [STDERR_REDIRECT] [Fatal Error] :1:1: Premature end of file.
2023-07-12 19:07:25,350 [ERROR] LogOutputStream:75 - [STDERR_REDIRECT] 
2023-07-12 19:07:26,325 [ERROR] LogOutputStream:75 - [STDERR_REDIRECT] [Fatal Error] :1:1: Premature end of file.
2023-07-12 19:07:26,325 [ERROR] LogOutputStream:75 - [STDERR_REDIRECT] 
2023-07-12 19:07:27,278 [ERROR] LogOutputStream:75 - [STDERR_REDIRECT] [Fatal Error] :1:1: Premature end of file.
2023-07-12 19:07:27,278 [ERROR] LogOutputStream:75 - [STDERR_REDIRECT] 
2023-07-12 19:07:28,278 [ERROR] LogOutputStream:75 - [STDERR_REDIRECT] [Fatal Error] :1:1: Premature end of file.
2023-07-12 19:07:28,278 [ERROR] LogOutputStream:75 - [STDERR_REDIRECT] 
2023-07-12 19:07:29,280 [ERROR] LogOutputStream:75 - [STDERR_REDIRECT] [Fatal Error] :1:1: Premature end of file.
2023-07-12 19:07:29,280 [ERROR] LogOutputStream:75 - [STDERR_REDIRECT] 
2023-07-12 19:07:30,280 [ERROR] LogOutputStream:75 - [STDERR_REDIRECT] [Fatal Error] :1:1: Premature end of file.
2023-07-12 19:07:30,280 [ERROR] LogOutputStream:75 - [STDERR_REDIRECT] 
2023-07-12 19:07:31,281 [ERROR] LogOutputStream:75 - [STDERR_REDIRECT] [Fatal Error] :1:1: Premature end of file.
2023-07-12 19:07:31,281 [ERROR] LogOutputStream:75 - [STDERR_REDIRECT] 
2023-07-12 19:07:32,281 [ERROR] LogOutputStream:75 - [STDERR_REDIRECT] [Fatal Error] :1:1: Premature end of file.
2023-07-12 19:07:32,281 [ERROR] LogOutputStream:75 - [STDERR_REDIRECT] 
2023-07-12 19:07:33,281 [ERROR] LogOutputStream:75 - [STDERR_REDIRECT] [Fatal Error] :1:1: Premature end of file.
2023-07-12 19:07:33,281 [ERROR] LogOutputStream:75 - [STDERR_REDIRECT] 
2023-07-12 19:07:34,269 [ERROR] LogOutputStream:75 - [STDERR_REDIRECT] [Fatal Error] :1:1: Premature end of file.
2023-07-12 19:07:34,269 [ERROR] LogOutputStream:75 - [STDERR_REDIRECT] 
