Vivado Simulator v2022.1
Copyright 1986-1999, 2001-2022 Xilinx, Inc. All Rights Reserved.
Running: /opt/Xilinx/Vivado/2022.1/bin/unwrapped/lnx64.o/xelab --incr --debug typical --relax --mt 8 -L xil_defaultlib -L xilinx_vip -L unisims_ver -L secureip --snapshot bajie7020_wrapper_func_impl xil_defaultlib.bajie7020_wrapper xil_defaultlib.glbl -log elaborate.log 
Using 8 slave threads.
Starting static elaboration
Pass Through NonSizing Optimizer
Completed static elaboration
Starting simulation data flow analysis
Completed simulation data flow analysis
Time Resolution for simulation is 1ps
Compiling module unisims_ver.PULLUP
Compiling module unisims_ver.IBUF
Compiling module unisims_ver.OBUF
Compiling module unisims_ver.GND
Compiling module unisims_ver.FDRE_default
Compiling module unisims_ver.LUT6
Compiling module unisims_ver.LUT4
Compiling module unisims_ver.LUT5
Compiling module unisims_ver.x_lut2_mux4
Compiling module unisims_ver.LUT2
Compiling module unisims_ver.x_lut3_mux8
Compiling module unisims_ver.LUT3
Compiling module unisims_ver.FDPE_default
Compiling module unisims_ver.FDCE_default
Compiling module unisims_ver.x_lut1_mux2
Compiling module unisims_ver.LUT1
Compiling module unisims_ver.RAM32X1D
Compiling module xil_defaultlib.bajie7020_auto_pc_1_xpm_cdc_asyn...
Compiling module xil_defaultlib.bajie7020_auto_pc_1_axi_data_fif...
Compiling module xil_defaultlib.bajie7020_auto_pc_1_axi_data_fif...
Compiling module unisims_ver.FDSE_default
Compiling module xil_defaultlib.bajie7020_auto_pc_1_axi_protocol...
Compiling module xil_defaultlib.bajie7020_auto_pc_1_axi_protocol...
Compiling module unisims_ver.RAM32M
Compiling module xil_defaultlib.bajie7020_auto_pc_1_xpm_cdc_asyn...
Compiling module xil_defaultlib.bajie7020_auto_pc_1_axi_data_fif...
Compiling module xil_defaultlib.bajie7020_auto_pc_1_axi_data_fif...
Compiling module xil_defaultlib.bajie7020_auto_pc_1_xpm_cdc_asyn...
Compiling module xil_defaultlib.bajie7020_auto_pc_1_axi_data_fif...
Compiling module xil_defaultlib.bajie7020_auto_pc_1_axi_data_fif...
Compiling module unisims_ver.CARRY4
Compiling module xil_defaultlib.bajie7020_auto_pc_1_axi_protocol...
Compiling module xil_defaultlib.bajie7020_auto_pc_1_axi_protocol...
Compiling module xil_defaultlib.bajie7020_auto_pc_1_axi_protocol...
Compiling module xil_defaultlib.bajie7020_auto_pc_1_axi_protocol...
Compiling module xil_defaultlib.bajie7020_auto_pc_1
Compiling module xil_defaultlib.m00_couplers_imp_1SUNL9N
Compiling module xil_defaultlib.bajie7020_xbar_1_axi_crossbar_v2...
Compiling module xil_defaultlib.bajie7020_xbar_1_axi_crossbar_v2...
Compiling module xil_defaultlib.bajie7020_xbar_1_axi_crossbar_v2...
Compiling module unisims_ver.SRL16E_default
Compiling module xil_defaultlib.bajie7020_xbar_1_axi_data_fifo_v...
Compiling module xil_defaultlib.bajie7020_xbar_1_axi_data_fifo_v...
Compiling module xil_defaultlib.bajie7020_xbar_1_axi_crossbar_v2...
Compiling module xil_defaultlib.bajie7020_xbar_1_axi_register_sl...
Compiling module xil_defaultlib.bajie7020_xbar_1_axi_register_sl...
Compiling module xil_defaultlib.bajie7020_xbar_1_axi_register_sl...
Compiling module xil_defaultlib.bajie7020_xbar_1_axi_data_fifo_v...
Compiling module xil_defaultlib.bajie7020_xbar_1_axi_data_fifo_v...
Compiling module xil_defaultlib.bajie7020_xbar_1_axi_crossbar_v2...
Compiling module xil_defaultlib.bajie7020_xbar_1_axi_register_sl...
Compiling module xil_defaultlib.bajie7020_xbar_1_axi_register_sl...
Compiling module xil_defaultlib.bajie7020_xbar_1_axi_register_sl...
Compiling module xil_defaultlib.bajie7020_xbar_1_axi_crossbar_v2...
Compiling module xil_defaultlib.bajie7020_xbar_1_axi_crossbar_v2...
Compiling module xil_defaultlib.bajie7020_xbar_1_axi_crossbar_v2...
Compiling module xil_defaultlib.bajie7020_xbar_1_axi_data_fifo_v...
Compiling module xil_defaultlib.bajie7020_xbar_1_axi_data_fifo_v...
Compiling module xil_defaultlib.bajie7020_xbar_1_axi_crossbar_v2...
Compiling module xil_defaultlib.bajie7020_xbar_1_axi_crossbar_v2...
Compiling module xil_defaultlib.bajie7020_xbar_1_axi_crossbar_v2...
Compiling module xil_defaultlib.bajie7020_xbar_1_axi_crossbar_v2...
Compiling module xil_defaultlib.bajie7020_xbar_1
Compiling module xil_defaultlib.bajie7020_axi_interconnect_acp_0
Compiling module xil_defaultlib.bajie7020_auto_pc_0_axi_protocol...
Compiling module xil_defaultlib.bajie7020_auto_pc_0_axi_protocol...
Compiling module xil_defaultlib.bajie7020_auto_pc_0_axi_protocol...
Compiling module xil_defaultlib.bajie7020_auto_pc_0_axi_protocol...
Compiling module xil_defaultlib.bajie7020_auto_pc_0_axi_protocol...
Compiling module unisims_ver.SRLC32E_default
Compiling module xil_defaultlib.bajie7020_auto_pc_0_axi_protocol...
Compiling module xil_defaultlib.bajie7020_auto_pc_0_axi_protocol...
Compiling module xil_defaultlib.bajie7020_auto_pc_0_axi_protocol...
Compiling module xil_defaultlib.bajie7020_auto_pc_0_axi_register...
Compiling module xil_defaultlib.bajie7020_auto_pc_0_axi_register...
Compiling module xil_defaultlib.bajie7020_auto_pc_0_axi_register...
Compiling module xil_defaultlib.bajie7020_auto_pc_0_axi_register...
Compiling module xil_defaultlib.bajie7020_auto_pc_0_axi_register...
Compiling module xil_defaultlib.bajie7020_auto_pc_0_axi_protocol...
Compiling module xil_defaultlib.bajie7020_auto_pc_0_axi_protocol...
Compiling module xil_defaultlib.bajie7020_auto_pc_0_axi_protocol...
Compiling module xil_defaultlib.bajie7020_auto_pc_0_axi_protocol...
Compiling module xil_defaultlib.bajie7020_auto_pc_0_axi_protocol...
Compiling module xil_defaultlib.bajie7020_auto_pc_0_axi_protocol...
Compiling module xil_defaultlib.bajie7020_auto_pc_0_axi_protocol...
Compiling module xil_defaultlib.bajie7020_auto_pc_0_axi_protocol...
Compiling module xil_defaultlib.bajie7020_auto_pc_0_axi_protocol...
Compiling module xil_defaultlib.bajie7020_auto_pc_0_axi_protocol...
Compiling module xil_defaultlib.bajie7020_auto_pc_0
Compiling module xil_defaultlib.s00_couplers_imp_FSXINO
Compiling module xil_defaultlib.bajie7020_xbar_0_axi_crossbar_v2...
Compiling module xil_defaultlib.bajie7020_xbar_0_axi_crossbar_v2...
Compiling module xil_defaultlib.bajie7020_xbar_0_axi_register_sl...
Compiling module xil_defaultlib.bajie7020_xbar_0_axi_crossbar_v2...
Compiling module xil_defaultlib.bajie7020_xbar_0_axi_crossbar_v2...
Compiling module xil_defaultlib.bajie7020_xbar_0_axi_crossbar_v2...
Compiling module xil_defaultlib.bajie7020_xbar_0_axi_crossbar_v2...
Compiling module xil_defaultlib.bajie7020_xbar_0
Compiling module xil_defaultlib.bajie7020_axi_interconnect_gp0_0
Compiling module xil_defaultlib.bajie7020_auto_pc_2_axi_protocol...
Compiling module xil_defaultlib.bajie7020_auto_pc_2_xpm_cdc_asyn...
Compiling module xil_defaultlib.bajie7020_auto_pc_2_axi_data_fif...
Compiling module xil_defaultlib.bajie7020_auto_pc_2_axi_data_fif...
Compiling module xil_defaultlib.bajie7020_auto_pc_2_xpm_cdc_asyn...
Compiling module xil_defaultlib.bajie7020_auto_pc_2_axi_data_fif...
Compiling module xil_defaultlib.bajie7020_auto_pc_2_axi_data_fif...
Compiling module unisims_ver.VCC
Compiling module xil_defaultlib.bajie7020_auto_pc_2_axi_protocol...
Compiling module xil_defaultlib.bajie7020_auto_pc_2_axi_protocol...
Compiling module xil_defaultlib.bajie7020_auto_pc_2_axi_protocol...
Compiling module xil_defaultlib.bajie7020_auto_pc_2_axi_protocol...
Compiling module xil_defaultlib.bajie7020_auto_pc_2
Compiling module xil_defaultlib.s00_couplers_imp_1OOCKOB
Compiling module xil_defaultlib.bajie7020_axi_interconnect_hp0_0
Compiling module xil_defaultlib.bajie7020_axis_subset_converter_...
Compiling module xil_defaultlib.bajie7020_axis_subset_converter_...
Compiling module xil_defaultlib.bajie7020_proc_sys_reset_rfb_fcl...
Compiling module xil_defaultlib.bajie7020_proc_sys_reset_rfb_fcl...
Compiling module xil_defaultlib.bajie7020_proc_sys_reset_rfb_fcl...
Compiling module xil_defaultlib.bajie7020_proc_sys_reset_rfb_fcl...
Compiling module xil_defaultlib.bajie7020_proc_sys_reset_rfb_fcl...
Compiling module xil_defaultlib.bajie7020_proc_sys_reset_rfb_fcl...
Compiling module xil_defaultlib.bajie7020_proc_sys_reset_rfb_fcl...
Compiling module unisims_ver.BIBUF
Compiling module unisims_ver.PS7
Compiling module unisims_ver.BUFG
Compiling module xil_defaultlib.bajie7020_processing_system7_0_0...
Compiling module xil_defaultlib.bajie7020_processing_system7_0_0
Compiling module xil_defaultlib.bajie7020_rfb_axi_dma_0_axi_dma_...
Compiling module xil_defaultlib.bajie7020_rfb_axi_dma_0_axi_dma_...
Compiling module xil_defaultlib.bajie7020_rfb_axi_dma_0_axi_dma_...
Compiling module xil_defaultlib.bajie7020_rfb_axi_dma_0_axi_dma_...
Compiling module xil_defaultlib.bajie7020_rfb_axi_dma_0_axi_dma_...
Compiling module xil_defaultlib.bajie7020_rfb_axi_dma_0_axi_dma_...
Compiling module xil_defaultlib.bajie7020_rfb_axi_dma_0_axi_dma_...
Compiling module xil_defaultlib.bajie7020_rfb_axi_dma_0_axi_data...
Compiling module xil_defaultlib.bajie7020_rfb_axi_dma_0_axi_data...
Compiling module unisims_ver.RB36_INTERNAL_VLOG(DOA_REG=1,DOB...
Compiling module unisims_ver.RAMB36E1(DOA_REG=1,DOB_REG=1,RAM...
Compiling module unisims_ver.RB18_INTERNAL_VLOG(DOA_REG=1,DOB...
Compiling module unisims_ver.RAMB18E1(DOA_REG=1,DOB_REG=1,RAM...
Compiling module xil_defaultlib.bajie7020_rfb_axi_dma_0_xpm_memo...
Compiling module xil_defaultlib.bajie7020_rfb_axi_dma_0_xpm_coun...
Compiling module xil_defaultlib.bajie7020_rfb_axi_dma_0_xpm_coun...
Compiling module xil_defaultlib.bajie7020_rfb_axi_dma_0_xpm_fifo...
Compiling module xil_defaultlib.bajie7020_rfb_axi_dma_0_xpm_coun...
Compiling module xil_defaultlib.bajie7020_rfb_axi_dma_0_xpm_coun...
Compiling module xil_defaultlib.bajie7020_rfb_axi_dma_0_xpm_fifo...
Compiling module xil_defaultlib.bajie7020_rfb_axi_dma_0_xpm_fifo...
Compiling module xil_defaultlib.bajie7020_rfb_axi_dma_0_xpm_fifo...
Compiling module xil_defaultlib.bajie7020_rfb_axi_dma_0_sync_fif...
Compiling module xil_defaultlib.bajie7020_rfb_axi_dma_0_axi_data...
Compiling module xil_defaultlib.bajie7020_rfb_axi_dma_0_xpm_coun...
Compiling module xil_defaultlib.bajie7020_rfb_axi_dma_0_xpm_memo...
Compiling module xil_defaultlib.bajie7020_rfb_axi_dma_0_xpm_coun...
Compiling module xil_defaultlib.bajie7020_rfb_axi_dma_0_xpm_coun...
Compiling module xil_defaultlib.bajie7020_rfb_axi_dma_0_xpm_fifo...
Compiling module xil_defaultlib.bajie7020_rfb_axi_dma_0_xpm_coun...
Compiling module xil_defaultlib.bajie7020_rfb_axi_dma_0_xpm_coun...
Compiling module xil_defaultlib.bajie7020_rfb_axi_dma_0_xpm_fifo...
Compiling module xil_defaultlib.bajie7020_rfb_axi_dma_0_xpm_fifo...
Compiling module xil_defaultlib.bajie7020_rfb_axi_dma_0_xpm_fifo...
Compiling module xil_defaultlib.bajie7020_rfb_axi_dma_0_sync_fif...
Compiling module xil_defaultlib.bajie7020_rfb_axi_dma_0_axi_data...
Compiling module xil_defaultlib.bajie7020_rfb_axi_dma_0_axi_data...
Compiling module xil_defaultlib.bajie7020_rfb_axi_dma_0_axi_data...
Compiling module xil_defaultlib.bajie7020_rfb_axi_dma_0_axi_data...
Compiling module xil_defaultlib.bajie7020_rfb_axi_dma_0_cntr_inc...
Compiling module xil_defaultlib.bajie7020_rfb_axi_dma_0_dynshreg...
Compiling module xil_defaultlib.bajie7020_rfb_axi_dma_0_srl_fifo...
Compiling module xil_defaultlib.bajie7020_rfb_axi_dma_0_srl_fifo...
Compiling module xil_defaultlib.bajie7020_rfb_axi_dma_0_axi_data...
Compiling module xil_defaultlib.bajie7020_rfb_axi_dma_0_axi_data...
Compiling module xil_defaultlib.bajie7020_rfb_axi_dma_0_axi_data...
Compiling module xil_defaultlib.bajie7020_rfb_axi_dma_0_cntr_inc...
Compiling module xil_defaultlib.bajie7020_rfb_axi_dma_0_dynshreg...
Compiling module xil_defaultlib.bajie7020_rfb_axi_dma_0_srl_fifo...
Compiling module xil_defaultlib.bajie7020_rfb_axi_dma_0_srl_fifo...
Compiling module xil_defaultlib.bajie7020_rfb_axi_dma_0_axi_data...
Compiling module xil_defaultlib.bajie7020_rfb_axi_dma_0_axi_data...
Compiling module xil_defaultlib.bajie7020_rfb_axi_dma_0_cntr_inc...
Compiling module xil_defaultlib.bajie7020_rfb_axi_dma_0_dynshreg...
Compiling module xil_defaultlib.bajie7020_rfb_axi_dma_0_srl_fifo...
Compiling module xil_defaultlib.bajie7020_rfb_axi_dma_0_srl_fifo...
Compiling module xil_defaultlib.bajie7020_rfb_axi_dma_0_axi_data...
Compiling module xil_defaultlib.bajie7020_rfb_axi_dma_0_axi_data...
Compiling module xil_defaultlib.bajie7020_rfb_axi_dma_0_axi_data...
Compiling module xil_defaultlib.bajie7020_rfb_axi_dma_0_axi_data...
Compiling module xil_defaultlib.bajie7020_rfb_axi_dma_0_axi_data...
Compiling module xil_defaultlib.bajie7020_rfb_axi_dma_0_axi_data...
Compiling module xil_defaultlib.bajie7020_rfb_axi_dma_0_axi_data...
Compiling module xil_defaultlib.bajie7020_rfb_axi_dma_0_cntr_inc...
Compiling module xil_defaultlib.bajie7020_rfb_axi_dma_0_dynshreg...
Compiling module xil_defaultlib.bajie7020_rfb_axi_dma_0_srl_fifo...
Compiling module xil_defaultlib.bajie7020_rfb_axi_dma_0_srl_fifo...
Compiling module xil_defaultlib.bajie7020_rfb_axi_dma_0_axi_data...
Compiling module xil_defaultlib.bajie7020_rfb_axi_dma_0_axi_data...
Compiling module xil_defaultlib.bajie7020_rfb_axi_dma_0_axi_data...
Compiling module xil_defaultlib.bajie7020_rfb_axi_dma_0_cntr_inc...
Compiling module xil_defaultlib.bajie7020_rfb_axi_dma_0_dynshreg...
Compiling module xil_defaultlib.bajie7020_rfb_axi_dma_0_srl_fifo...
Compiling module xil_defaultlib.bajie7020_rfb_axi_dma_0_srl_fifo...
Compiling module xil_defaultlib.bajie7020_rfb_axi_dma_0_axi_data...
Compiling module xil_defaultlib.bajie7020_rfb_axi_dma_0_cntr_inc...
Compiling module xil_defaultlib.bajie7020_rfb_axi_dma_0_dynshreg...
Compiling module xil_defaultlib.bajie7020_rfb_axi_dma_0_srl_fifo...
Compiling module xil_defaultlib.bajie7020_rfb_axi_dma_0_srl_fifo...
Compiling module xil_defaultlib.bajie7020_rfb_axi_dma_0_axi_data...
Compiling module xil_defaultlib.bajie7020_rfb_axi_dma_0_axi_data...
Compiling module xil_defaultlib.bajie7020_rfb_axi_dma_0_axi_data...
Compiling module xil_defaultlib.bajie7020_rfb_axi_dma_0_axi_data...
Compiling module xil_defaultlib.bajie7020_rfb_axi_dma_0_axi_dma_...
Compiling module xil_defaultlib.bajie7020_rfb_axi_dma_0_cdc_sync
Compiling module xil_defaultlib.bajie7020_rfb_axi_dma_0_cdc_sync...
Compiling module xil_defaultlib.bajie7020_rfb_axi_dma_0_axi_dma_...
Compiling module xil_defaultlib.bajie7020_rfb_axi_dma_0_axi_dma
Compiling module xil_defaultlib.bajie7020_rfb_axi_dma_0
Compiling module unisims_ver.DSP48E1(INMODEREG=0,MASK=48'b111...
Compiling module unisims_ver.DSP48E1(MASK=48'b111111111111111...
Compiling module xil_defaultlib.bajie7020_fir_compiler_0_0
Compiling module xil_defaultlib.bajie7020_axis_data_fifo_1_0_xpm...
Compiling module xil_defaultlib.bajie7020_axis_data_fifo_1_0_xpm...
Compiling module xil_defaultlib.bajie7020_axis_data_fifo_1_0_xpm...
Compiling module xil_defaultlib.bajie7020_axis_data_fifo_1_0_xpm...
Compiling module xil_defaultlib.bajie7020_axis_data_fifo_1_0_xpm...
Compiling module xil_defaultlib.bajie7020_axis_data_fifo_1_0_xpm...
Compiling module xil_defaultlib.bajie7020_axis_data_fifo_1_0_xpm...
Compiling module xil_defaultlib.bajie7020_axis_data_fifo_1_0_xpm...
Compiling module xil_defaultlib.bajie7020_axis_data_fifo_1_0_xpm...
Compiling module xil_defaultlib.bajie7020_axis_data_fifo_1_0_xpm...
Compiling module xil_defaultlib.bajie7020_axis_data_fifo_1_0_xpm...
Compiling module xil_defaultlib.bajie7020_axis_data_fifo_1_0_xpm...
Compiling module xil_defaultlib.bajie7020_axis_data_fifo_1_0_xpm...
Compiling module xil_defaultlib.bajie7020_axis_data_fifo_1_0_xpm...
Compiling module xil_defaultlib.bajie7020_axis_data_fifo_1_0_xpm...
Compiling module xil_defaultlib.bajie7020_axis_data_fifo_1_0_xpm...
Compiling module xil_defaultlib.bajie7020_axis_data_fifo_1_0_xpm...
Compiling module xil_defaultlib.bajie7020_axis_data_fifo_1_0_axi...
Compiling module xil_defaultlib.bajie7020_axis_data_fifo_1_0
Compiling module xil_defaultlib.bajie7020_axis_subset_converter_...
Compiling module xil_defaultlib.bajie7020_axis_subset_converter_...
Compiling module xil_defaultlib.bajie7020_axis_subset_converter_...
Compiling module xil_defaultlib.bajie7020_axis_subset_converter_...
Compiling module xil_defaultlib.bajie7020_axis_subset_converter_...
Compiling module xil_defaultlib.rfb_fir_in_imp_MBIF6R
Compiling module xil_defaultlib.bajie7020_axis_data_fifo_0_0_xpm...
Compiling module xil_defaultlib.bajie7020_axis_data_fifo_0_0_xpm...
Compiling module xil_defaultlib.bajie7020_axis_data_fifo_0_0_xpm...
Compiling module xil_defaultlib.bajie7020_axis_data_fifo_0_0_xpm...
Compiling module xil_defaultlib.bajie7020_axis_data_fifo_0_0_xpm...
Compiling module unisims_ver.RB36_INTERNAL_VLOG(DOB_REG=1,REA...
Compiling module unisims_ver.RAMB36E1(DOB_REG=1,READ_WIDTH_A=...
Compiling module xil_defaultlib.bajie7020_axis_data_fifo_0_0_xpm...
Compiling module xil_defaultlib.bajie7020_axis_data_fifo_0_0_xpm...
Compiling module xil_defaultlib.bajie7020_axis_data_fifo_0_0_xpm...
Compiling module xil_defaultlib.bajie7020_axis_data_fifo_0_0_xpm...
Compiling module xil_defaultlib.bajie7020_axis_data_fifo_0_0_xpm...
Compiling module xil_defaultlib.bajie7020_axis_data_fifo_0_0_xpm...
Compiling module xil_defaultlib.bajie7020_axis_data_fifo_0_0_xpm...
Compiling module xil_defaultlib.bajie7020_axis_data_fifo_0_0_xpm...
Compiling module xil_defaultlib.bajie7020_axis_data_fifo_0_0_xpm...
Compiling module xil_defaultlib.bajie7020_axis_data_fifo_0_0_xpm...
Compiling module xil_defaultlib.bajie7020_axis_data_fifo_0_0_xpm...
Compiling module xil_defaultlib.bajie7020_axis_data_fifo_0_0_xpm...
Compiling module xil_defaultlib.bajie7020_axis_data_fifo_0_0_axi...
Compiling module xil_defaultlib.bajie7020_axis_data_fifo_0_0
Compiling module xil_defaultlib.bajie7020_axis_subset_converter_...
Compiling module xil_defaultlib.bajie7020_axis_subset_converter_...
Compiling module xil_defaultlib.bajie7020_axis_subset_converter_...
Compiling module xil_defaultlib.bajie7020_axis_subset_converter_...
Compiling module xil_defaultlib.bajie7020_axis_subset_converter_...
Compiling module xil_defaultlib.bajie7020_firoutmixer_0_0_firout...
Compiling module xil_defaultlib.bajie7020_firoutmixer_0_0
Compiling module xil_defaultlib.bajie7020_system_ila_1_0_bd_d278...
Compiling module unisims_ver.RB18_INTERNAL_VLOG(DOA_REG=1,DOB...
Compiling module unisims_ver.RAMB18E1(DOA_REG=1,DOB_REG=1,REA...
Compiling module unisims_ver.RB36_INTERNAL_VLOG(DOA_REG=1,DOB...
Compiling module unisims_ver.RAMB36E1(DOA_REG=1,DOB_REG=1,REA...
Compiling module unisims_ver.SRLC16E_default
Compiling module unisims_ver.CFGLUT5_default
Compiling module unisims_ver.MUXF7
Compiling module unisims_ver.MUXF8
Compiling module xil_defaultlib.bajie7020_system_ila_1_0_bd_d278...
Compiling module xil_defaultlib.bajie7020_system_ila_1_0_bd_d278
Compiling module xil_defaultlib.bajie7020_system_ila_1_0
Compiling module xil_defaultlib.rfb_fir_out_imp_19ITTPK
Compiling module xil_defaultlib.rfb_fir_imp_1XB3GYN
Compiling module unisims_ver.IDELAYCTRL_default
Compiling module unisims_ver.BUFR(BUFR_DIVIDE="3")
Compiling module unisims_ver.IBUFDS
Compiling module unisims_ver.IDELAYE2(IDELAY_VALUE=12)
Compiling module unisims_ver.ISERDESE2(DATA_WIDTH=6,INTERFACE...
Compiling module xil_defaultlib.bajie7020_rfbdes_0_0_rfbdes
Compiling module xil_defaultlib.bajie7020_rfbdes_0_0
Compiling module xil_defaultlib.bajie7020_rst_ps7_0_160M_0_cdc_s...
Compiling module xil_defaultlib.bajie7020_rst_ps7_0_160M_0_cdc_s...
Compiling module xil_defaultlib.bajie7020_rst_ps7_0_160M_0_lpf
Compiling module xil_defaultlib.bajie7020_rst_ps7_0_160M_0_upcnt...
Compiling module xil_defaultlib.bajie7020_rst_ps7_0_160M_0_seque...
Compiling module xil_defaultlib.bajie7020_rst_ps7_0_160M_0_proc_...
Compiling module xil_defaultlib.bajie7020_rst_ps7_0_160M_0
Compiling module xil_defaultlib.bajie7020_rst_ps7_0_200M_0_cdc_s...
Compiling module xil_defaultlib.bajie7020_rst_ps7_0_200M_0_cdc_s...
Compiling module xil_defaultlib.bajie7020_rst_ps7_0_200M_0_lpf
Compiling module xil_defaultlib.bajie7020_rst_ps7_0_200M_0_upcnt...
Compiling module xil_defaultlib.bajie7020_rst_ps7_0_200M_0_seque...
Compiling module xil_defaultlib.bajie7020_rst_ps7_0_200M_0_proc_...
Compiling module xil_defaultlib.bajie7020_rst_ps7_0_200M_0
Compiling module xil_defaultlib.bajie7020_system_ila_0_0_bd_1229...
Compiling module unisims_ver.RB18_INTERNAL_VLOG(DOA_REG=1,DOB...
Compiling module unisims_ver.RAMB18E1(DOA_REG=1,DOB_REG=1,REA...
Compiling module unisims_ver.RB36_INTERNAL_VLOG(DOA_REG=1,DOB...
Compiling module unisims_ver.RAMB36E1(DOA_REG=1,DOB_REG=1,REA...
Compiling module xil_defaultlib.bajie7020_system_ila_0_0_bd_1229...
Compiling module xil_defaultlib.bajie7020_system_ila_0_0_bd_1229
Compiling module xil_defaultlib.bajie7020_system_ila_0_0
Compiling module xil_defaultlib.bajie7020_xadc_wiz_0_0_address_d...
Compiling module xil_defaultlib.bajie7020_xadc_wiz_0_0_slave_att...
Compiling module xil_defaultlib.bajie7020_xadc_wiz_0_0_axi_lite_...
Compiling module unisims_ver.XADC(INIT_41=16'b010000000000000...
Compiling module xil_defaultlib.bajie7020_xadc_wiz_0_0_xadc_core...
Compiling module xil_defaultlib.bajie7020_xadc_wiz_0_0_interrupt...
Compiling module xil_defaultlib.bajie7020_xadc_wiz_0_0_soft_rese...
Compiling module xil_defaultlib.bajie7020_xadc_wiz_0_0_axi_xadc
Compiling module xil_defaultlib.bajie7020_xadc_wiz_0_0
Compiling module unisims_ver.RB18_INTERNAL_VLOG(DOA_REG=1,DOB...
Compiling module unisims_ver.RAMB18E1(DOA_REG=1,DOB_REG=1,INI...
Compiling module unisims_ver.RB18_INTERNAL_VLOG(DOB_REG=1,REA...
Compiling module unisims_ver.RAMB18E1(DOB_REG=1,READ_WIDTH_B=...
Compiling module unisims_ver.DSP48E1(ACASCREG=2,ALUMODEREG=0,...
Compiling module unisims_ver.DSP48E1(ALUMODEREG=0,BCASCREG=2,...
Compiling module xil_defaultlib.bajie7020_xfft_0_0
Compiling module xil_defaultlib.bajie7020_xfft_axi_dma_0_axi_dma...
Compiling module xil_defaultlib.bajie7020_xfft_axi_dma_0_axi_dma...
Compiling module xil_defaultlib.bajie7020_xfft_axi_dma_0_axi_dma...
Compiling module xil_defaultlib.bajie7020_xfft_axi_dma_0_axi_dma...
Compiling module xil_defaultlib.bajie7020_xfft_axi_dma_0_axi_dma...
Compiling module xil_defaultlib.bajie7020_xfft_axi_dma_0_axi_dma...
Compiling module xil_defaultlib.bajie7020_xfft_axi_dma_0_axi_dma...
Compiling module xil_defaultlib.bajie7020_xfft_axi_dma_0_axi_dma...
Compiling module xil_defaultlib.bajie7020_xfft_axi_dma_0_axi_dma...
Compiling module xil_defaultlib.bajie7020_xfft_axi_dma_0_axi_dma...
Compiling module xil_defaultlib.bajie7020_xfft_axi_dma_0_axi_dma...
Compiling module xil_defaultlib.bajie7020_xfft_axi_dma_0_axi_dma...
Compiling module xil_defaultlib.bajie7020_xfft_axi_dma_0_axi_dat...
Compiling module xil_defaultlib.bajie7020_xfft_axi_dma_0_xpm_cou...
Compiling module xil_defaultlib.bajie7020_xfft_axi_dma_0_xpm_mem...
Compiling module xil_defaultlib.bajie7020_xfft_axi_dma_0_xpm_cou...
Compiling module xil_defaultlib.bajie7020_xfft_axi_dma_0_xpm_cou...
Compiling module xil_defaultlib.bajie7020_xfft_axi_dma_0_xpm_fif...
Compiling module xil_defaultlib.bajie7020_xfft_axi_dma_0_xpm_cou...
Compiling module xil_defaultlib.bajie7020_xfft_axi_dma_0_xpm_cou...
Compiling module xil_defaultlib.bajie7020_xfft_axi_dma_0_xpm_fif...
Compiling module xil_defaultlib.bajie7020_xfft_axi_dma_0_xpm_fif...
Compiling module xil_defaultlib.bajie7020_xfft_axi_dma_0_xpm_fif...
Compiling module xil_defaultlib.bajie7020_xfft_axi_dma_0_sync_fi...
Compiling module xil_defaultlib.bajie7020_xfft_axi_dma_0_axi_dat...
Compiling module xil_defaultlib.bajie7020_xfft_axi_dma_0_cntr_in...
Compiling module xil_defaultlib.bajie7020_xfft_axi_dma_0_srl_fif...
Compiling module xil_defaultlib.bajie7020_xfft_axi_dma_0_srl_fif...
Compiling module xil_defaultlib.bajie7020_xfft_axi_dma_0_axi_dat...
Compiling module xil_defaultlib.bajie7020_xfft_axi_dma_0_axi_dat...
Compiling module xil_defaultlib.bajie7020_xfft_axi_dma_0_cntr_in...
Compiling module xil_defaultlib.bajie7020_xfft_axi_dma_0_dynshre...
Compiling module xil_defaultlib.bajie7020_xfft_axi_dma_0_srl_fif...
Compiling module xil_defaultlib.bajie7020_xfft_axi_dma_0_srl_fif...
Compiling module xil_defaultlib.bajie7020_xfft_axi_dma_0_axi_dat...
Compiling module xil_defaultlib.bajie7020_xfft_axi_dma_0_axi_dat...
Compiling module xil_defaultlib.bajie7020_xfft_axi_dma_0_axi_dat...
Compiling module xil_defaultlib.bajie7020_xfft_axi_dma_0_axi_dat...
Compiling module xil_defaultlib.bajie7020_xfft_axi_dma_0_axi_dat...
Compiling module xil_defaultlib.bajie7020_xfft_axi_dma_0_axi_dat...
Compiling module xil_defaultlib.bajie7020_xfft_axi_dma_0_cntr_in...
Compiling module xil_defaultlib.bajie7020_xfft_axi_dma_0_dynshre...
Compiling module xil_defaultlib.bajie7020_xfft_axi_dma_0_srl_fif...
Compiling module xil_defaultlib.bajie7020_xfft_axi_dma_0_srl_fif...
Compiling module xil_defaultlib.bajie7020_xfft_axi_dma_0_axi_dat...
Compiling module xil_defaultlib.bajie7020_xfft_axi_dma_0_axi_dat...
Compiling module xil_defaultlib.bajie7020_xfft_axi_dma_0_axi_dat...
Compiling module xil_defaultlib.bajie7020_xfft_axi_dma_0_axi_dat...
Compiling module xil_defaultlib.bajie7020_xfft_axi_dma_0_axi_dat...
Compiling module xil_defaultlib.bajie7020_xfft_axi_dma_0_axi_dat...
Compiling module xil_defaultlib.bajie7020_xfft_axi_dma_0_axi_dat...
Compiling module xil_defaultlib.bajie7020_xfft_axi_dma_0_xpm_mem...
Compiling module xil_defaultlib.bajie7020_xfft_axi_dma_0_xpm_cou...
Compiling module xil_defaultlib.bajie7020_xfft_axi_dma_0_xpm_cou...
Compiling module xil_defaultlib.bajie7020_xfft_axi_dma_0_xpm_fif...
Compiling module xil_defaultlib.bajie7020_xfft_axi_dma_0_xpm_cou...
Compiling module xil_defaultlib.bajie7020_xfft_axi_dma_0_xpm_cou...
Compiling module xil_defaultlib.bajie7020_xfft_axi_dma_0_xpm_fif...
Compiling module xil_defaultlib.bajie7020_xfft_axi_dma_0_xpm_fif...
Compiling module xil_defaultlib.bajie7020_xfft_axi_dma_0_xpm_fif...
Compiling module xil_defaultlib.bajie7020_xfft_axi_dma_0_sync_fi...
Compiling module xil_defaultlib.bajie7020_xfft_axi_dma_0_axi_dat...
Compiling module xil_defaultlib.bajie7020_xfft_axi_dma_0_xpm_cou...
Compiling module xil_defaultlib.bajie7020_xfft_axi_dma_0_xpm_mem...
Compiling module xil_defaultlib.bajie7020_xfft_axi_dma_0_xpm_cou...
Compiling module xil_defaultlib.bajie7020_xfft_axi_dma_0_xpm_cou...
Compiling module xil_defaultlib.bajie7020_xfft_axi_dma_0_xpm_fif...
Compiling module xil_defaultlib.bajie7020_xfft_axi_dma_0_xpm_cou...
Compiling module xil_defaultlib.bajie7020_xfft_axi_dma_0_xpm_cou...
Compiling module xil_defaultlib.bajie7020_xfft_axi_dma_0_xpm_fif...
Compiling module xil_defaultlib.bajie7020_xfft_axi_dma_0_xpm_fif...
Compiling module xil_defaultlib.bajie7020_xfft_axi_dma_0_xpm_fif...
Compiling module xil_defaultlib.bajie7020_xfft_axi_dma_0_sync_fi...
Compiling module xil_defaultlib.bajie7020_xfft_axi_dma_0_axi_dat...
Compiling module xil_defaultlib.bajie7020_xfft_axi_dma_0_axi_dat...
Compiling module xil_defaultlib.bajie7020_xfft_axi_dma_0_axi_dat...
Compiling module xil_defaultlib.bajie7020_xfft_axi_dma_0_axi_dat...
Compiling module xil_defaultlib.bajie7020_xfft_axi_dma_0_cntr_in...
Compiling module xil_defaultlib.bajie7020_xfft_axi_dma_0_dynshre...
Compiling module xil_defaultlib.bajie7020_xfft_axi_dma_0_srl_fif...
Compiling module xil_defaultlib.bajie7020_xfft_axi_dma_0_srl_fif...
Compiling module xil_defaultlib.bajie7020_xfft_axi_dma_0_axi_dat...
Compiling module xil_defaultlib.bajie7020_xfft_axi_dma_0_axi_dat...
Compiling module xil_defaultlib.bajie7020_xfft_axi_dma_0_axi_dat...
Compiling module xil_defaultlib.bajie7020_xfft_axi_dma_0_cntr_in...
Compiling module xil_defaultlib.bajie7020_xfft_axi_dma_0_dynshre...
Compiling module xil_defaultlib.bajie7020_xfft_axi_dma_0_srl_fif...
Compiling module xil_defaultlib.bajie7020_xfft_axi_dma_0_srl_fif...
Compiling module xil_defaultlib.bajie7020_xfft_axi_dma_0_axi_dat...
Compiling module xil_defaultlib.bajie7020_xfft_axi_dma_0_axi_dat...
Compiling module xil_defaultlib.bajie7020_xfft_axi_dma_0_cntr_in...
Compiling module xil_defaultlib.bajie7020_xfft_axi_dma_0_dynshre...
Compiling module xil_defaultlib.bajie7020_xfft_axi_dma_0_srl_fif...
Compiling module xil_defaultlib.bajie7020_xfft_axi_dma_0_srl_fif...
Compiling module xil_defaultlib.bajie7020_xfft_axi_dma_0_axi_dat...
Compiling module xil_defaultlib.bajie7020_xfft_axi_dma_0_axi_dat...
Compiling module xil_defaultlib.bajie7020_xfft_axi_dma_0_axi_dat...
Compiling module xil_defaultlib.bajie7020_xfft_axi_dma_0_axi_dat...
Compiling module xil_defaultlib.bajie7020_xfft_axi_dma_0_axi_dat...
Compiling module xil_defaultlib.bajie7020_xfft_axi_dma_0_axi_dat...
Compiling module xil_defaultlib.bajie7020_xfft_axi_dma_0_axi_dat...
Compiling module xil_defaultlib.bajie7020_xfft_axi_dma_0_cntr_in...
Compiling module xil_defaultlib.bajie7020_xfft_axi_dma_0_dynshre...
Compiling module xil_defaultlib.bajie7020_xfft_axi_dma_0_srl_fif...
Compiling module xil_defaultlib.bajie7020_xfft_axi_dma_0_srl_fif...
Compiling module xil_defaultlib.bajie7020_xfft_axi_dma_0_axi_dat...
Compiling module xil_defaultlib.bajie7020_xfft_axi_dma_0_axi_dat...
Compiling module xil_defaultlib.bajie7020_xfft_axi_dma_0_axi_dat...
Compiling module xil_defaultlib.bajie7020_xfft_axi_dma_0_cntr_in...
Compiling module xil_defaultlib.bajie7020_xfft_axi_dma_0_dynshre...
Compiling module xil_defaultlib.bajie7020_xfft_axi_dma_0_srl_fif...
Compiling module xil_defaultlib.bajie7020_xfft_axi_dma_0_srl_fif...
Compiling module xil_defaultlib.bajie7020_xfft_axi_dma_0_axi_dat...
Compiling module xil_defaultlib.bajie7020_xfft_axi_dma_0_cntr_in...
Compiling module xil_defaultlib.bajie7020_xfft_axi_dma_0_dynshre...
Compiling module xil_defaultlib.bajie7020_xfft_axi_dma_0_srl_fif...
Compiling module xil_defaultlib.bajie7020_xfft_axi_dma_0_srl_fif...
Compiling module xil_defaultlib.bajie7020_xfft_axi_dma_0_axi_dat...
Compiling module xil_defaultlib.bajie7020_xfft_axi_dma_0_axi_dat...
Compiling module xil_defaultlib.bajie7020_xfft_axi_dma_0_axi_dat...
Compiling module xil_defaultlib.bajie7020_xfft_axi_dma_0_axi_dat...
Compiling module xil_defaultlib.bajie7020_xfft_axi_dma_0_axi_dma...
Compiling module xil_defaultlib.bajie7020_xfft_axi_dma_0_axi_dma...
Compiling module xil_defaultlib.bajie7020_xfft_axi_dma_0_cdc_syn...
Compiling module xil_defaultlib.bajie7020_xfft_axi_dma_0_cdc_syn...
Compiling module xil_defaultlib.bajie7020_xfft_axi_dma_0_axi_dma...
Compiling module xil_defaultlib.bajie7020_xfft_axi_dma_0_axi_dma
Compiling module xil_defaultlib.bajie7020_xfft_axi_dma_0
Compiling module xil_defaultlib.bajie7020_xlconcat_0_0
Compiling module xil_defaultlib.bajie7020
Compiling module xil_defaultlib.xsdbm_v3_0_0_ctl_reg
Compiling module xil_defaultlib.xsdbm_v3_0_0_stat_reg
Compiling module xil_defaultlib.xsdbm_v3_0_0_stat_reg_0
Compiling module xil_defaultlib.xsdbm_v3_0_0_ctl_reg__parameteri...
Compiling module xil_defaultlib.xsdbm_v3_0_0_ctl_reg__parameteri...
Compiling module xil_defaultlib.synchronizer_ff__parameterized0_...
Compiling module xil_defaultlib.synchronizer_ff__parameterized0_...
Compiling module xil_defaultlib.synchronizer_ff__parameterized0_...
Compiling module xil_defaultlib.synchronizer_ff__parameterized0_...
Compiling module xil_defaultlib.clk_x_pntrs_8
Compiling module xil_defaultlib.rd_fwft
Compiling module xil_defaultlib.rd_status_flags_as_18
Compiling module xil_defaultlib.rd_handshaking_flags__parameteri...
Compiling module xil_defaultlib.rd_bin_cntr_19
Compiling module xil_defaultlib.rd_logic__parameterized0
Compiling module xil_defaultlib.wr_status_flags_as_15
Compiling module xil_defaultlib.wr_handshaking_flags_16
Compiling module xil_defaultlib.wr_bin_cntr_17
Compiling module xil_defaultlib.wr_logic__parameterized0
Compiling module xil_defaultlib.dmem_14
Compiling module xil_defaultlib.memory__parameterized0
Compiling module xil_defaultlib.synchronizer_ff_10
Compiling module xil_defaultlib.synchronizer_ff_11
Compiling module xil_defaultlib.synchronizer_ff_12
Compiling module xil_defaultlib.synchronizer_ff_13
Compiling module xil_defaultlib.reset_blk_ramfifo_9
Compiling module xil_defaultlib.fifo_generator_ramfifo__paramete...
Compiling module xil_defaultlib.fifo_generator_top__parameterize...
Compiling module xil_defaultlib.fifo_generator_v13_1_4_synth__pa...
Compiling module xil_defaultlib.fifo_generator_v13_1_4__paramete...
Compiling module xil_defaultlib.xsdbm_v3_0_0_rdfifo
Compiling module xil_defaultlib.xsdbm_v3_0_0_rdreg
Compiling module xil_defaultlib.synchronizer_ff__parameterized0
Compiling module xil_defaultlib.synchronizer_ff__parameterized0_...
Compiling module xil_defaultlib.synchronizer_ff__parameterized0_...
Compiling module xil_defaultlib.synchronizer_ff__parameterized0_...
Compiling module xil_defaultlib.clk_x_pntrs
Compiling module xil_defaultlib.rd_status_flags_as
Compiling module xil_defaultlib.rd_handshaking_flags
Compiling module xil_defaultlib.rd_bin_cntr
Compiling module xil_defaultlib.rd_logic
Compiling module xil_defaultlib.wr_status_flags_as
Compiling module xil_defaultlib.wr_handshaking_flags
Compiling module xil_defaultlib.wr_bin_cntr
Compiling module xil_defaultlib.wr_logic
Compiling module xil_defaultlib.dmem
Compiling module xil_defaultlib.memory
Compiling module xil_defaultlib.synchronizer_ff
Compiling module xil_defaultlib.synchronizer_ff_2
Compiling module xil_defaultlib.synchronizer_ff_3
Compiling module xil_defaultlib.synchronizer_ff_4
Compiling module xil_defaultlib.reset_blk_ramfifo
Compiling module xil_defaultlib.fifo_generator_ramfifo
Compiling module xil_defaultlib.fifo_generator_top
Compiling module xil_defaultlib.fifo_generator_v13_1_4_synth
Compiling module xil_defaultlib.fifo_generator_v13_1_4
Compiling module xil_defaultlib.xsdbm_v3_0_0_wrfifo
Compiling module xil_defaultlib.xsdbm_v3_0_0_wrreg
Compiling module xil_defaultlib.xsdbm_v3_0_0_ctl_reg_1
Compiling module xil_defaultlib.xsdbm_v3_0_0_stat_reg__parameter...
Compiling module xil_defaultlib.xsdbm_v3_0_0_if_static_status
Compiling module xil_defaultlib.xsdbm_v3_0_0_if
Compiling module xil_defaultlib.xsdbm_v3_0_0_addr_ctl
Compiling module xil_defaultlib.xsdbm_v3_0_0_burst_wdlen_ctl
Compiling module xil_defaultlib.xsdbm_v3_0_0_bus_ctl_flg__parame...
Compiling module xil_defaultlib.xsdbm_v3_0_0_bus_ctl_flg
Compiling module xil_defaultlib.xsdbm_v3_0_0_bus_ctl_cnt
Compiling module xil_defaultlib.xsdbm_v3_0_0_bus_ctl
Compiling module xil_defaultlib.ltlib_v1_0_0_generic_mux
Compiling module xil_defaultlib.xsdbm_v3_0_0_bus_mstr2sl_if
Compiling module xil_defaultlib.xsdbm_v3_0_0_icon2xsdb
Compiling module xil_defaultlib.xsdbm_v3_0_0_cmd_decode
Compiling module xil_defaultlib.xsdbm_v3_0_0_stat
Compiling module xil_defaultlib.xsdbm_v3_0_0_sync
Compiling module xil_defaultlib.xsdbm_v3_0_0_icon
Compiling module unisims_ver.BSCANE2
Compiling module xil_defaultlib.ltlib_v1_0_0_bscan
Compiling module xil_defaultlib.xsdbm_v3_0_0_bscan_switch
Compiling module xil_defaultlib.xsdbm_v3_0_0_xsdbm_id
Compiling module xil_defaultlib.xsdbm_v3_0_0_xsdbm
Compiling module xil_defaultlib.dbg_hub
Compiling module xil_defaultlib.bajie7020_wrapper
Compiling module xil_defaultlib.glbl
Built simulation snapshot bajie7020_wrapper_func_impl
