Unknown:
C:\Users\penta\Documents\BikeRadar\RFB\Antenna\SinglePatch\SinglePatchViaE\Result\farfield (f=5850)_1.fme
C:\Users\penta\Documents\BikeRadar\RFB\Antenna\SinglePatch\SinglePatchViaE\Result\hardware_resources.sconf
C:\Users\penta\Documents\BikeRadar\RFB\Antenna\SinglePatch\SinglePatchViaE\Result\Hex.gap
C:\Users\penta\Documents\BikeRadar\RFB\Antenna\SinglePatch\SinglePatchViaE\Result\MCalc.ddi
C:\Users\penta\Documents\BikeRadar\RFB\Antenna\SinglePatch\SinglePatchViaE\Result\MCalc.log
C:\Users\penta\Documents\BikeRadar\RFB\Antenna\SinglePatch\SinglePatchViaE\Result\MCalc^Diagnostics.log
C:\Users\penta\Documents\BikeRadar\RFB\Antenna\SinglePatch\SinglePatchViaE\Result\ml_info.log
C:\Users\penta\Documents\BikeRadar\RFB\Antenna\SinglePatch\SinglePatchViaE\Result\Model.axg
C:\Users\penta\Documents\BikeRadar\RFB\Antenna\SinglePatch\SinglePatchViaE\Result\Model.coco
C:\Users\penta\Documents\BikeRadar\RFB\Antenna\SinglePatch\SinglePatchViaE\Result\Model.ddi
C:\Users\penta\Documents\BikeRadar\RFB\Antenna\SinglePatch\SinglePatchViaE\Result\Model.elg
C:\Users\penta\Documents\BikeRadar\RFB\Antenna\SinglePatch\SinglePatchViaE\Result\Model.log
C:\Users\penta\Documents\BikeRadar\RFB\Antenna\SinglePatch\SinglePatchViaE\Result\Model.sa
C:\Users\penta\Documents\BikeRadar\RFB\Antenna\SinglePatch\SinglePatchViaE\Result\Model.sam
C:\Users\penta\Documents\BikeRadar\RFB\Antenna\SinglePatch\SinglePatchViaE\Result\ModelPBA.axg
C:\Users\penta\Documents\BikeRadar\RFB\Antenna\SinglePatch\SinglePatchViaE\Result\Model_1.sam
C:\Users\penta\Documents\BikeRadar\RFB\Antenna\SinglePatch\SinglePatchViaE\Result\Model_m1.sam
C:\Users\penta\Documents\BikeRadar\RFB\Antenna\SinglePatch\SinglePatchViaE\Result\m^fifx.dsc
C:\Users\penta\Documents\BikeRadar\RFB\Antenna\SinglePatch\SinglePatchViaE\Result\m^fqq.dsc
C:\Users\penta\Documents\BikeRadar\RFB\Antenna\SinglePatch\SinglePatchViaE\Result\Ports.web
C:\Users\penta\Documents\BikeRadar\RFB\Antenna\SinglePatch\SinglePatchViaE\Result\PP-MCalc.log
C:\Users\penta\Documents\BikeRadar\RFB\Antenna\SinglePatch\SinglePatchViaE\Result\PP-Prio.log
C:\Users\penta\Documents\BikeRadar\RFB\Antenna\SinglePatch\SinglePatchViaE\Result\p^a.dsc
C:\Users\penta\Documents\BikeRadar\RFB\Antenna\SinglePatch\SinglePatchViaE\Result\P^m^fb.slog
C:\Users\penta\Documents\BikeRadar\RFB\Antenna\SinglePatch\SinglePatchViaE\Result\P^m^fbqq.slog
C:\Users\penta\Documents\BikeRadar\RFB\Antenna\SinglePatch\SinglePatchViaE\Result\P^m^fqq.slog
C:\Users\penta\Documents\BikeRadar\RFB\Antenna\SinglePatch\SinglePatchViaE\Result\P^p^m.slog
C:\Users\penta\Documents\BikeRadar\RFB\Antenna\SinglePatch\SinglePatchViaE\Result\P^s^pm.slog
Mesh:
C:\Users\penta\Documents\BikeRadar\RFB\Antenna\SinglePatch\SinglePatchViaE\Result\dA.mat
C:\Users\penta\Documents\BikeRadar\RFB\Antenna\SinglePatch\SinglePatchViaE\Result\dad.mat
C:\Users\penta\Documents\BikeRadar\RFB\Antenna\SinglePatch\SinglePatchViaE\Result\ds.mat
C:\Users\penta\Documents\BikeRadar\RFB\Antenna\SinglePatch\SinglePatchViaE\Result\dsd.mat
C:\Users\penta\Documents\BikeRadar\RFB\Antenna\SinglePatch\SinglePatchViaE\Result\dsMCalc.mat
C:\Users\penta\Documents\BikeRadar\RFB\Antenna\SinglePatch\SinglePatchViaE\Result\Eps.mat
C:\Users\penta\Documents\BikeRadar\RFB\Antenna\SinglePatch\SinglePatchViaE\Result\HexMatrix.m2h
C:\Users\penta\Documents\BikeRadar\RFB\Antenna\SinglePatch\SinglePatchViaE\Result\HexMatrix_MCalc.m2h
C:\Users\penta\Documents\BikeRadar\RFB\Antenna\SinglePatch\SinglePatchViaE\Result\Kappa.mat
C:\Users\penta\Documents\BikeRadar\RFB\Antenna\SinglePatch\SinglePatchViaE\Result\MCalc.fmp
C:\Users\penta\Documents\BikeRadar\RFB\Antenna\SinglePatch\SinglePatchViaE\Result\MCalc.xcfd
C:\Users\penta\Documents\BikeRadar\RFB\Antenna\SinglePatch\SinglePatchViaE\Result\MCalcCCS_c.mson
C:\Users\penta\Documents\BikeRadar\RFB\Antenna\SinglePatch\SinglePatchViaE\Result\Meta.m2h
C:\Users\penta\Documents\BikeRadar\RFB\Antenna\SinglePatch\SinglePatchViaE\Result\Meta.mat
C:\Users\penta\Documents\BikeRadar\RFB\Antenna\SinglePatch\SinglePatchViaE\Result\Model-fmf.msqlite
C:\Users\penta\Documents\BikeRadar\RFB\Antenna\SinglePatch\SinglePatchViaE\Result\Model.cct
C:\Users\penta\Documents\BikeRadar\RFB\Antenna\SinglePatch\SinglePatchViaE\Result\Model.fmf
C:\Users\penta\Documents\BikeRadar\RFB\Antenna\SinglePatch\SinglePatchViaE\Result\Model.fmm
C:\Users\penta\Documents\BikeRadar\RFB\Antenna\SinglePatch\SinglePatchViaE\Result\Model.fpc
C:\Users\penta\Documents\BikeRadar\RFB\Antenna\SinglePatch\SinglePatchViaE\Result\Model.fwf
C:\Users\penta\Documents\BikeRadar\RFB\Antenna\SinglePatch\SinglePatchViaE\Result\Model.sic
C:\Users\penta\Documents\BikeRadar\RFB\Antenna\SinglePatch\SinglePatchViaE\Result\Model.sid
C:\Users\penta\Documents\BikeRadar\RFB\Antenna\SinglePatch\SinglePatchViaE\Result\Model.spi
C:\Users\penta\Documents\BikeRadar\RFB\Antenna\SinglePatch\SinglePatchViaE\Result\Model.xcfd
C:\Users\penta\Documents\BikeRadar\RFB\Antenna\SinglePatch\SinglePatchViaE\Result\Mue.mat
C:\Users\penta\Documents\BikeRadar\RFB\Antenna\SinglePatch\SinglePatchViaE\Result\m^fqq.mem
C:\Users\penta\Documents\BikeRadar\RFB\Antenna\SinglePatch\SinglePatchViaE\Result\p1.spi
C:\Users\penta\Documents\BikeRadar\RFB\Antenna\SinglePatch\SinglePatchViaE\Result\PEC.mat
C:\Users\penta\Documents\BikeRadar\RFB\Antenna\SinglePatch\SinglePatchViaE\Result\Port1.wgi
C:\Users\penta\Documents\BikeRadar\RFB\Antenna\SinglePatch\SinglePatchViaE\Result\p^a.mem
C:\Users\penta\Documents\BikeRadar\RFB\Antenna\SinglePatch\SinglePatchViaE\Result\p^m.mem
C:\Users\penta\Documents\BikeRadar\RFB\Antenna\SinglePatch\SinglePatchViaE\Result\Rho.mat
C:\Users\penta\Documents\BikeRadar\RFB\Antenna\SinglePatch\SinglePatchViaE\Result\S2HMatrix.m2h
C:\Users\penta\Documents\BikeRadar\RFB\Antenna\SinglePatch\SinglePatchViaE\Result\Shapes.con
C:\Users\penta\Documents\BikeRadar\RFB\Antenna\SinglePatch\SinglePatchViaE\Result\s^pm.mem
Port:
C:\Users\penta\Documents\BikeRadar\RFB\Antenna\SinglePatch\SinglePatchViaE\Result\adapt_Port1_e1.prt
C:\Users\penta\Documents\BikeRadar\RFB\Antenna\SinglePatch\SinglePatchViaE\Result\adapt_Port1_e1[6000].prt
C:\Users\penta\Documents\BikeRadar\RFB\Antenna\SinglePatch\SinglePatchViaE\Result\adapt_Port1_h1.prt
C:\Users\penta\Documents\BikeRadar\RFB\Antenna\SinglePatch\SinglePatchViaE\Result\adapt_Port1_h1[6000].prt
C:\Users\penta\Documents\BikeRadar\RFB\Antenna\SinglePatch\SinglePatchViaE\Result\Model.pmi
C:\Users\penta\Documents\BikeRadar\RFB\Antenna\SinglePatch\SinglePatchViaE\Result\Port1_1[6000].m2d
C:\Users\penta\Documents\BikeRadar\RFB\Antenna\SinglePatch\SinglePatchViaE\Result\Port1_drv.m2d
C:\Users\penta\Documents\BikeRadar\RFB\Antenna\SinglePatch\SinglePatchViaE\Result\Port1_e1.prt
C:\Users\penta\Documents\BikeRadar\RFB\Antenna\SinglePatch\SinglePatchViaE\Result\Port1_e1[6000].prt
C:\Users\penta\Documents\BikeRadar\RFB\Antenna\SinglePatch\SinglePatchViaE\Result\Port1_h1.prt
C:\Users\penta\Documents\BikeRadar\RFB\Antenna\SinglePatch\SinglePatchViaE\Result\Port1_h1[6000].prt
